2026-03-12 14:05:25.552 | mode=preview | plc_id=AUTO | excel_path=C:\Tomcat 9.0\temp\plc_map_upload_14299765811624815861.xlsx | upload_name=IO_Address_Tag_List_20260311.xlsx | byte_order=CDAB | float_count=62 | exit=1 | remote=0:0:0:0:0:0:0:1
2026-03-12 14:06:56.645 | mode=preview | plc_id=AUTO | excel_path=C:\Tomcat 9.0\temp\plc_map_upload_17584360465401541958.xlsx | upload_name=IO_Address_Tag_List_20260311.xlsx | byte_order=CDAB | float_count=62 | exit=1 | remote=0:0:0:0:0:0:0:1
2026-03-12 14:07:12.067 | mode=preview | plc_id=AUTO | excel_path=C:\Tomcat 9.0\temp\plc_map_upload_9390664808381023249.xlsx | upload_name=IO_Address_Tag_List_20260311.xlsx | byte_order=CDAB | float_count=62 | exit=1 | remote=0:0:0:0:0:0:0:1
2026-03-12 14:09:56.431 | mode=preview | plc_id=AUTO | excel_path=C:\Tomcat 9.0\temp\plc_map_upload_16040697751363692219.xlsx | upload_name=IO_Address_Tag_List_20260311.xlsx | byte_order=CDAB | float_count=62 | exit=0 | remote=0:0:0:0:0:0:0:1
2026-03-12 14:11:28.218 | mode=preview | plc_id=AUTO | excel_path=C:\Tomcat 9.0\temp\plc_map_upload_13165028867957171589.xlsx | upload_name=IO_Address_Tag_List_20260311.xlsx | byte_order=CDAB | float_count=62 | exit=0 | remote=0:0:0:0:0:0:0:1
2026-03-12 14:12:33.887 | mode=apply | plc_id=AUTO | excel_path=C:\Tomcat 9.0\webapps\ROOT\docs\plc_mapping_template.xlsx | upload_name=- | byte_order=CDAB | float_count=62 | exit=0 | remote=0:0:0:0:0:0:0:1
2026-03-12 14:16:21.388 | mode=preview | plc_id=AUTO | excel_path=C:\Tomcat 9.0\temp\plc_map_upload_10835180110883732609.xlsx | upload_name=IO_Address_Tag_List_20260311.xlsx | upload_source=request | byte_order=CDAB | float_count=62 | exit=0 | remote=0:0:0:0:0:0:0:1
2026-03-12 14:17:29.349 | mode=preview | plc_id=AUTO | excel_path=C:\Tomcat 9.0\temp\plc_map_upload_13774052939536962795.xlsx | upload_name=IO_Address_Tag_List_20260311.xlsx | upload_source=request | byte_order=CDAB | float_count=62 | exit=0 | remote=0:0:0:0:0:0:0:1
2026-03-12 14:17:45.602 | mode=apply | plc_id=AUTO | excel_path=C:\Tomcat 9.0\temp\plc_map_upload_18081825772324601169.xlsx | upload_name=IO_Address_Tag_List_20260311.xlsx | upload_source=session | byte_order=CDAB | float_count=62 | exit=1 | remote=0:0:0:0:0:0:0:1
2026-03-12 14:18:42.488 | mode=apply | plc_id=AUTO | excel_path=C:\Tomcat 9.0\temp\plc_map_upload_3395233067821070369.xlsx | upload_name=IO_Address_Tag_List_20260311.xlsx | upload_source=session | byte_order=CDAB | float_count=62 | exit=1 | remote=0:0:0:0:0:0:0:1
2026-03-12 14:19:04.111 | mode=preview | plc_id=AUTO | excel_path=C:\Tomcat 9.0\temp\plc_map_upload_773303818234611228.xlsx | upload_name=IO_Address_Tag_List_20260311.xlsx | upload_source=request | byte_order=CDAB | float_count=62 | exit=0 | remote=0:0:0:0:0:0:0:1
2026-03-12 14:20:36.408 | mode=preview | plc_id=AUTO | excel_path=C:\Tomcat 9.0\temp\plc_map_upload_1448890409314778938.xlsx | upload_name=IO_Address_Tag_List_20260311.xlsx | upload_source=request | byte_order=CDAB | float_count=62 | exit=0 | remote=0:0:0:0:0:0:0:1
2026-03-12 14:21:25.717 | mode=preview | plc_id=AUTO | excel_path=C:\Tomcat 9.0\temp\plc_map_upload_1351444277818236230.xlsx | upload_name=IO_Address_Tag_List_20260311.xlsx | upload_source=request | byte_order=CDAB | float_count=62 | exit=0 | remote=0:0:0:0:0:0:0:1
2026-03-12 14:22:46.918 | mode=preview | plc_id=AUTO | excel_path=C:\Tomcat 9.0\temp\plc_map_upload_15370426885054078953.xlsx | upload_name=IO_Address_Tag_List_20260311.xlsx | upload_source=request | byte_order=CDAB | float_count=62 | exit=0 | remote=0:0:0:0:0:0:0:1
2026-03-12 14:23:33.172 | mode=apply | plc_id=AUTO | excel_path=C:\Tomcat 9.0\temp\plc_map_upload_10611914436299644924.xlsx | upload_name=IO_Address_Tag_List_20260311.xlsx | upload_source=session | byte_order=CDAB | float_count=62 | exit=0 | remote=0:0:0:0:0:0:0:1
2026-03-12 17:44:57.275 | mode=preview | plc_id=AUTO | excel_path=C:\Tomcat 9.0\temp\plc_map_upload_14453952769203035003.xlsx | upload_name=IO_Address_Tag_List_20260311.xlsx | upload_source=request | byte_order=CDAB | float_count=62 | exit=0 | remote=0:0:0:0:0:0:0:1
2026-03-12 17:45:19.933 | mode=apply | plc_id=AUTO | excel_path=C:\Tomcat 9.0\temp\plc_map_upload_12440396226287683466.xlsx | upload_name=IO_Address_Tag_List_20260311.xlsx | upload_source=session | byte_order=CDAB | float_count=62 | exit=0 | remote=0:0:0:0:0:0:0:1
2026-03-15 11:06:38.668 | mode=preview | plc_id=AUTO | excel_path=C:\Tomcat 9.0\temp\plc_map_upload_13680677765479670703.xlsx | upload_name=IO_Address_Tag_List_20260311.xlsx | upload_source=request | byte_order=CDAB | float_count=62 | exit=0 | remote=0:0:0:0:0:0:0:1
2026-03-15 11:09:48.121 | mode=preview | plc_id=AUTO | excel_path=C:\Tomcat 9.0\temp\plc_map_upload_14396187028115875084.xlsx | upload_name=IO_Address_Tag_List_20260311.xlsx | upload_source=request | byte_order=CDAB | float_count=62 | exit=0 | remote=0:0:0:0:0:0:0:1
2026-03-15 11:12:36.036 | mode=preview | plc_id=AUTO | excel_path=C:\Tomcat 9.0\temp\plc_map_upload_6849074346862153056.xlsx | upload_name=IO_Address_Tag_List_20260311.xlsx | upload_source=request | byte_order=CDAB | float_count=62 | exit=0 | remote=0:0:0:0:0:0:0:1
2026-03-15 11:15:06.216 | mode=preview | plc_id=AUTO | excel_path=C:\Tomcat 9.0\temp\plc_map_upload_17662867303719939625.xlsx | upload_name=IO_Address_Tag_List_20260311.xlsx | upload_source=request | byte_order=CDAB | float_count=62 | exit=0 | remote=0:0:0:0:0:0:0:1
2026-03-15 11:17:03.523 | mode=preview | plc_id=AUTO | excel_path=C:\Tomcat 9.0\temp\plc_map_upload_343563351256696327.xlsx | upload_name=IO_Address_Tag_List_20260311.xlsx | upload_source=request | byte_order=CDAB | float_count=62 | exit=0 | remote=0:0:0:0:0:0:0:1
2026-03-15 11:18:22.858 | mode=preview | plc_id=AUTO | excel_path=C:\Tomcat 9.0\temp\plc_map_upload_39277344723446462.xlsx | upload_name=IO_Address_Tag_List_20260311.xlsx | upload_source=request | byte_order=CDAB | float_count=62 | exit=0 | remote=0:0:0:0:0:0:0:1
2026-03-15 11:19:28.974 | mode=preview | plc_id=AUTO | excel_path=C:\Tomcat 9.0\temp\plc_map_upload_18383472268485536475.xlsx | upload_name=IO_Address_Tag_List_20260311.xlsx | upload_source=request | byte_order=CDAB | float_count=62 | exit=0 | remote=0:0:0:0:0:0:0:1
2026-03-15 11:19:59.274 | mode=apply | plc_id=AUTO | excel_path=C:\Tomcat 9.0\temp\plc_map_upload_16529549473570431671.xlsx | upload_name=IO_Address_Tag_List_20260311.xlsx | upload_source=session | byte_order=CDAB | float_count=62 | exit=1 | remote=0:0:0:0:0:0:0:1
2026-03-15 11:20:55.547 | mode=apply | plc_id=AUTO | excel_path=C:\Tomcat 9.0\temp\plc_map_upload_4564386223160858248.xlsx | upload_name=IO_Address_Tag_List_20260311.xlsx | upload_source=session | byte_order=CDAB | float_count=62 | exit=0 | remote=0:0:0:0:0:0:0:1
2026-03-15 11:21:16.476 | mode=preview | plc_id=AUTO | excel_path=C:\Tomcat 9.0\webapps\ROOT\docs\plc_mapping_template.xlsx | upload_name=- | upload_source=path | byte_order=CDAB | float_count=62 | exit=0 | remote=0:0:0:0:0:0:0:1
2026-03-15 11:22:08.764 | mode=preview | plc_id=AUTO | excel_path=C:\Tomcat 9.0\temp\plc_map_upload_1470214050775471968.xlsx | upload_name=IO_Address_Tag_List_20260311.xlsx | upload_source=request | byte_order=CDAB | float_count=62 | exit=0 | remote=0:0:0:0:0:0:0:1
2026-03-15 11:22:30.882 | mode=apply | plc_id=AUTO | excel_path=C:\Tomcat 9.0\temp\plc_map_upload_16202197311935305620.xlsx | upload_name=IO_Address_Tag_List_20260311.xlsx | upload_source=session | byte_order=CDAB | float_count=62 | exit=0 | remote=0:0:0:0:0:0:0:1
